<?xml version="1.0" encoding="UTF-8"?>
<testsuite name="pl.edu.mimuw.MatrixNormTest$NormInfinityTest" tests="5" skipped="0" failures="0" errors="0" timestamp="2022-05-20T13:30:04" hostname="6951C" time="0.067">
  <properties/>
  <testcase name="testVector()" classname="pl.edu.mimuw.MatrixNormTest$NormInfinityTest" time="0.059"/>
  <testcase name="testAntiDiagonal()" classname="pl.edu.mimuw.MatrixNormTest$NormInfinityTest" time="0.002"/>
  <testcase name="testDiagonal()" classname="pl.edu.mimuw.MatrixNormTest$NormInfinityTest" time="0.002"/>
  <testcase name="testSparseMatrices()" classname="pl.edu.mimuw.MatrixNormTest$NormInfinityTest" time="0.002"/>
  <testcase name="testFullMatrices()" classname="pl.edu.mimuw.MatrixNormTest$NormInfinityTest" time="0.002"/>
  <system-out><![CDATA[]]></system-out>
  <system-err><![CDATA[]]></system-err>
</testsuite>
